########## ########## ##########
Time: 2023-07-06 23:30:21.854903
Random seed: 101
Device: cuda
Image folder: data/train-300
Total size: 1231
Classes: ['noa', 't4']
Number of classes: 2
Size of 'noa': 554 | 45.00%
Size of 't4': 677 | 55.00%
Train-eval split factor: 0.7
Train datapoints: 861
Eval datapoints: 370
=== Train Split ===
Size of 'noa': 374 | 43.44%
Size of 't4': 487 | 56.56%
=== Eval Split ===
Size of 'noa': 180 | 48.65%
Size of 't4': 190 | 51.35%
Model name: model_C2_E1_20230706_233024
Model: Model(
  (conv1): Sequential(
    (0): Conv2d(1, 16, kernel_size=(5, 5), stride=(1, 1))
    (1): ReLU()
    (2): MaxPool2d(kernel_size=(4, 4), stride=(4, 4), padding=0, dilation=1, ceil_mode=False)
  )
  (conv2): Sequential(
    (0): Conv2d(16, 32, kernel_size=(5, 5), stride=(1, 1))
    (1): ReLU()
    (2): MaxPool2d(kernel_size=(4, 4), stride=(4, 4), padding=0, dilation=1, ceil_mode=False)
  )
  (fc): Sequential(
    (0): Flatten(start_dim=1, end_dim=-1)
    (1): Linear(in_features=9248, out_features=1156, bias=True)
    (2): ReLU()
    (3): Linear(in_features=1156, out_features=2, bias=True)
  )
)
Train epochs would be: 1
Train start: 2023-07-06 23:30:24.341181
Epoch 0, loss=22.43, accuracy=0.51
Train end: 2023-07-06 23:30:30.416577. Took seconds: 6.075396
Training result: epochs=1, loss=22.43, accuracy=0.51
Saved model: models/model_C2_E1_20230706_233024.pt
Archived model class: models/model_C2_E1_20230706_233024.py
Archived vars: models/model_C2_E1_20230706_233024.vars.py
########## ########## ##########
Time: 2023-07-06 23:33:59.060441
Random seed: 101
Device: cuda
Image folder: data/train-300
Total size: 1231
Classes: ['noa', 't4']
Number of classes: 2
Size of 'noa': 554 | 45.00%
Size of 't4': 677 | 55.00%
Train-eval split factor: 0.7
Train datapoints: 861
Eval datapoints: 370
=== Train Split ===
Size of 'noa': 374 | 43.44%
Size of 't4': 487 | 56.56%
=== Eval Split ===
Size of 'noa': 180 | 48.65%
Size of 't4': 190 | 51.35%
Model name: model_C2_E50_20230706_233401
Model: Model(
  (conv1): Sequential(
    (0): Conv2d(1, 16, kernel_size=(5, 5), stride=(1, 1))
    (1): ReLU()
    (2): MaxPool2d(kernel_size=(4, 4), stride=(4, 4), padding=0, dilation=1, ceil_mode=False)
  )
  (conv2): Sequential(
    (0): Conv2d(16, 32, kernel_size=(5, 5), stride=(1, 1))
    (1): ReLU()
    (2): MaxPool2d(kernel_size=(4, 4), stride=(4, 4), padding=0, dilation=1, ceil_mode=False)
  )
  (fc): Sequential(
    (0): Flatten(start_dim=1, end_dim=-1)
    (1): Linear(in_features=9248, out_features=1156, bias=True)
    (2): ReLU()
    (3): Linear(in_features=1156, out_features=2, bias=True)
  )
)
Train epochs would be: 50
Train start: 2023-07-06 23:34:01.738684
Epoch 0, loss=22.43, accuracy=0.51
Epoch 10, loss=3.69, accuracy=0.83
Epoch 20, loss=1.94, accuracy=0.96
Epoch 30, loss=1.10, accuracy=0.98
Epoch 40, loss=0.85, accuracy=0.99
Train end: 2023-07-06 23:38:13.576211. Took seconds: 251.837527
Training result: epochs=50, loss=0.55, accuracy=0.99
Saved model: models/model_C2_E50_20230706_233401.pt
Archived model class: models/model_C2_E50_20230706_233401.py
Archived vars: models/model_C2_E50_20230706_233401.vars.py
########## ########## ##########
Time: 2023-07-07 00:08:35.391405
Random seed: 101
Device: cuda
Image folder: data/train-300
Total size: 1231
Classes: ['noa', 't4']
Number of classes: 2
Size of 'noa': 554 | 45.00%
Size of 't4': 677 | 55.00%
Train-eval split factor: 0.7
Train datapoints: 861
Eval datapoints: 370
=== Train Split ===
Size of 'noa': 374 | 43.44%
Size of 't4': 487 | 56.56%
=== Eval Split ===
Size of 'noa': 180 | 48.65%
Size of 't4': 190 | 51.35%
Model name: model_C2_E100_20230707_000838
Model: Model(
  (conv1): Sequential(
    (0): Conv2d(1, 16, kernel_size=(5, 5), stride=(1, 1))
    (1): ReLU()
    (2): MaxPool2d(kernel_size=(4, 4), stride=(4, 4), padding=0, dilation=1, ceil_mode=False)
  )
  (conv2): Sequential(
    (0): Conv2d(16, 32, kernel_size=(5, 5), stride=(1, 1))
    (1): ReLU()
    (2): MaxPool2d(kernel_size=(4, 4), stride=(4, 4), padding=0, dilation=1, ceil_mode=False)
  )
  (fc): Sequential(
    (0): Flatten(start_dim=1, end_dim=-1)
    (1): Linear(in_features=9248, out_features=1156, bias=True)
    (2): ReLU()
    (3): Linear(in_features=1156, out_features=2, bias=True)
  )
)
Train epochs would be: 100
Train start: 2023-07-07 00:08:38.404291
Epoch 0, loss=22.43, accuracy=0.51
Epoch 10, loss=3.58, accuracy=0.94
Epoch 20, loss=2.30, accuracy=0.95
Epoch 30, loss=1.57, accuracy=0.98
Epoch 40, loss=0.96, accuracy=0.96
Epoch 50, loss=0.61, accuracy=0.99
Epoch 60, loss=0.69, accuracy=0.99
Epoch 70, loss=0.33, accuracy=0.99
Epoch 80, loss=0.96, accuracy=0.99
Epoch 90, loss=0.37, accuracy=1.00
Train end: 2023-07-07 00:21:39.504899. Took seconds: 781.100608
Training result: epochs=100, loss=0.41, accuracy=1.00
Saved model: models/model_C2_E100_20230707_000838.pt
Archived model class: models/model_C2_E100_20230707_000838.py
Archived vars: models/model_C2_E100_20230707_000838.vars.py
__________________________________________________________________________________________________
Time: 2023-07-07 20:57:39.888470
Random seed: 101
Device: cpu
Image folder: data/train-300
Total size: 1231
Classes: ['noa', 't4']
Number of classes: 2
Size of 'noa': 554 | 45.00%
Size of 't4': 677 | 55.00%
Train-eval split factor: 0.7
Train datapoints: 861
Eval datapoints: 370
=== Train Split ===
Size of 'noa': 374 | 43.44%
Size of 't4': 487 | 56.56%
=== Eval Split ===
Size of 'noa': 180 | 48.65%
Size of 't4': 190 | 51.35%
Model name: model_C2_E100_20230707_205742
Model: Model(
  (conv1): Sequential(
    (0): Conv2d(1, 16, kernel_size=(5, 5), stride=(1, 1))
    (1): ReLU()
    (2): MaxPool2d(kernel_size=(4, 4), stride=(4, 4), padding=0, dilation=1, ceil_mode=False)
  )
  (conv2): Sequential(
    (0): Conv2d(16, 32, kernel_size=(5, 5), stride=(1, 1))
    (1): ReLU()
    (2): MaxPool2d(kernel_size=(4, 4), stride=(4, 4), padding=0, dilation=1, ceil_mode=False)
  )
  (fc): Sequential(
    (0): Flatten(start_dim=1, end_dim=-1)
    (1): Linear(in_features=9248, out_features=1156, bias=True)
    (2): ReLU()
    (3): Linear(in_features=1156, out_features=2, bias=True)
  )
)
Train epochs would be: 100
Train start: 2023-07-07 20:57:42.320248
Epoch 0, loss=22.45, accuracy=0.51
Epoch 10, loss=4.08, accuracy=0.78
Epoch 20, loss=2.42, accuracy=0.96
Epoch 30, loss=1.60, accuracy=0.98
Epoch 40, loss=0.97, accuracy=0.99
Epoch 50, loss=1.10, accuracy=0.97
Epoch 60, loss=0.63, accuracy=0.98
Epoch 70, loss=0.35, accuracy=0.99
Epoch 80, loss=0.30, accuracy=1.00
Epoch 90, loss=0.30, accuracy=1.00
Train end: 2023-07-07 21:42:02.891364. Took seconds: 2660.571116
Training result: epochs=100, loss=1.18, accuracy=0.97
Saved model: models/model_C2_E100_20230707_205742.pt
Archived model class: models/model_C2_E100_20230707_205742.py
Archived vars: models/model_C2_E100_20230707_205742.vars.py
__________________________________________________________________________________________________
Time: 2023-07-07 22:36:38.570799
Random seed: 101
Device: cuda
Image folder: data/train-300
Total size: 1231
Classes: ['noa', 't4']
Number of classes: 2
Size of 'noa': 554 | 45.00%
Size of 't4': 677 | 55.00%
Train-eval split factor: 0.7
Train datapoints: 861
Eval datapoints: 370
=== Train Split ===
Size of 'noa': 374 | 43.44%
Size of 't4': 487 | 56.56%
=== Eval Split ===
Size of 'noa': 180 | 48.65%
Size of 't4': 190 | 51.35%
Model name: model_C2_E100_20230707_223642
Model: Model(
  (conv1): Sequential(
    (0): Conv2d(1, 16, kernel_size=(5, 5), stride=(1, 1))
    (1): ReLU()
    (2): MaxPool2d(kernel_size=(4, 4), stride=(4, 4), padding=0, dilation=1, ceil_mode=False)
    (3): Dropout2d(p=0.2, inplace=False)
  )
  (conv2): Sequential(
    (0): Conv2d(16, 32, kernel_size=(5, 5), stride=(1, 1))
    (1): ReLU()
    (2): MaxPool2d(kernel_size=(4, 4), stride=(4, 4), padding=0, dilation=1, ceil_mode=False)
    (3): Dropout2d(p=0.2, inplace=False)
  )
  (fc): Sequential(
    (0): Flatten(start_dim=1, end_dim=-1)
    (1): Linear(in_features=9248, out_features=1156, bias=True)
    (2): ReLU()
    (3): Linear(in_features=1156, out_features=2, bias=True)
  )
)
Train epochs would be: 100
Train start: 2023-07-07 22:36:42.492209
Epoch 0, loss=22.82, accuracy=0.51
Epoch 10, loss=3.89, accuracy=0.92
Epoch 20, loss=2.29, accuracy=0.95
Epoch 30, loss=1.32, accuracy=0.98
Epoch 40, loss=0.80, accuracy=0.97
Epoch 50, loss=0.92, accuracy=0.99
Epoch 60, loss=0.37, accuracy=0.98
Epoch 70, loss=0.34, accuracy=0.99
Epoch 80, loss=0.18, accuracy=0.99
Epoch 90, loss=0.17, accuracy=1.00
Train end: 2023-07-07 22:48:07.306305. Took seconds: 684.814096
Training result: epochs=100, loss=0.05, accuracy=1.00
Saved model: models/model_C2_E100_20230707_223642.pt
Archived model class: models/model_C2_E100_20230707_223642.py
Archived vars: models/model_C2_E100_20230707_223642.vars.py
__________________________________________________________________________________________________
Time: 2023-07-07 23:39:04.375431
Random seed: 101
Device: cuda
Image folder: data/train-300
Total size: 1231
Classes: ['noa', 't4']
Number of classes: 2
Size of 'noa': 554 | 45.00%
Size of 't4': 677 | 55.00%
Train-eval split factor: 0.7
Train datapoints: 861
Eval datapoints: 370
=== Train Split ===
Size of 'noa': 374 | 43.44%
Size of 't4': 487 | 56.56%
=== Eval Split ===
Size of 'noa': 180 | 48.65%
Size of 't4': 190 | 51.35%
Model name: model_C2_E100_20230707_233907
Model: Model(
  (conv1): Sequential(
    (0): Conv2d(1, 16, kernel_size=(5, 5), stride=(1, 1))
    (1): ReLU()
    (2): MaxPool2d(kernel_size=(4, 4), stride=(4, 4), padding=0, dilation=1, ceil_mode=False)
    (3): Dropout2d(p=0.2, inplace=False)
  )
  (conv2): Sequential(
    (0): Conv2d(16, 32, kernel_size=(5, 5), stride=(1, 1))
    (1): ReLU()
    (2): MaxPool2d(kernel_size=(4, 4), stride=(4, 4), padding=0, dilation=1, ceil_mode=False)
    (3): Dropout2d(p=0.2, inplace=False)
  )
  (fc): Sequential(
    (0): Flatten(start_dim=1, end_dim=-1)
    (1): Linear(in_features=9248, out_features=1156, bias=True)
    (2): ReLU()
    (3): Linear(in_features=1156, out_features=2, bias=True)
  )
)
Train epochs would be: 100
Train start: 2023-07-07 23:39:07.370632
Epoch 0, loss=22.82, accuracy=0.51
Epoch 10, loss=4.03, accuracy=0.92
Epoch 20, loss=2.41, accuracy=0.96
Epoch 30, loss=1.42, accuracy=0.98
Epoch 40, loss=0.85, accuracy=0.98
Epoch 50, loss=1.07, accuracy=0.98
Epoch 60, loss=0.51, accuracy=0.93
Epoch 70, loss=0.38, accuracy=0.99
Epoch 80, loss=0.12, accuracy=1.00
Epoch 90, loss=0.21, accuracy=1.00
Train end: 2023-07-07 23:50:52.749033. Took seconds: 705.378401
Training result: epochs=100, loss=0.16, accuracy=1.00
Saved model: models/model_C2_E100_20230707_233907.pt
Archived model class: models/model_C2_E100_20230707_233907.py
Archived vars: models/model_C2_E100_20230707_233907_vars.py
__________________________________________________________________________________________________
Time: 2023-07-08 00:22:09.224999
Random seed: 101
Device: cuda
Image folder: data/train-300
Total size: 1231
Classes: ['noa', 't4']
Number of classes: 2
Size of 'noa': 554 | 45.00%
Size of 't4': 677 | 55.00%
Train-eval split factor: 0.7
Train datapoints: 861
Eval datapoints: 370
=== Train Split ===
Size of 'noa': 374 | 43.44%
Size of 't4': 487 | 56.56%
=== Eval Split ===
Size of 'noa': 180 | 48.65%
Size of 't4': 190 | 51.35%
Model name: model_C2_E150_20230708_002211
Model: Model(
  (conv1): Sequential(
    (0): Conv2d(1, 16, kernel_size=(5, 5), stride=(1, 1))
    (1): ReLU()
    (2): MaxPool2d(kernel_size=(4, 4), stride=(4, 4), padding=0, dilation=1, ceil_mode=False)
    (3): Dropout2d(p=0.5, inplace=False)
  )
  (conv2): Sequential(
    (0): Conv2d(16, 32, kernel_size=(5, 5), stride=(1, 1))
    (1): ReLU()
    (2): MaxPool2d(kernel_size=(4, 4), stride=(4, 4), padding=0, dilation=1, ceil_mode=False)
    (3): Dropout2d(p=0.5, inplace=False)
  )
  (fc): Sequential(
    (0): Flatten(start_dim=1, end_dim=-1)
    (1): Linear(in_features=9248, out_features=1156, bias=True)
    (2): ReLU()
    (3): Linear(in_features=1156, out_features=2, bias=True)
  )
)
Train epochs would be: 150
Train start: 2023-07-08 00:22:11.759992
Epoch 0, loss=26.08, accuracy=0.51
Epoch 10, loss=3.50, accuracy=0.92
Epoch 20, loss=2.56, accuracy=0.92
Epoch 30, loss=0.67, accuracy=0.99
Epoch 40, loss=0.45, accuracy=0.98
Epoch 50, loss=0.18, accuracy=1.00
Epoch 60, loss=0.29, accuracy=1.00
Epoch 70, loss=0.58, accuracy=0.99
Epoch 80, loss=0.05, accuracy=1.00
Epoch 90, loss=0.03, accuracy=1.00
Epoch 100, loss=0.01, accuracy=1.00
Epoch 110, loss=0.09, accuracy=1.00
Epoch 120, loss=0.01, accuracy=1.00
Epoch 130, loss=0.22, accuracy=1.00
Epoch 140, loss=0.02, accuracy=1.00
Train end: 2023-07-08 00:41:04.488775. Took seconds: 1132.728783
Training result: epochs=150, loss=0.02, accuracy=1.00
Saved model: models/model_C2_E150_20230708_002211.pt
Archived model class: models/model_C2_E150_20230708_002211.py
Archived vars: models/model_C2_E150_20230708_002211_vars.py
__________________________________________________________________________________________________
Time: 2023-07-08 10:41:57.149864
Random seed: 101
Device: cuda
Image folder: data/train-300
Total size: 1231
Classes: ['noa', 't4']
Number of classes: 2
Size of 'noa': 554 | 45.00%
Size of 't4': 677 | 55.00%
Train-eval split factor: 0.7
Train datapoints: 861
Eval datapoints: 370
=== Train Split ===
Size of 'noa': 374 | 43.44%
Size of 't4': 487 | 56.56%
=== Eval Split ===
Size of 'noa': 180 | 48.65%
Size of 't4': 190 | 51.35%
Model name: model_C2_E1_20230708_104159
Model: Model(
  (conv1): Sequential(
    (0): Conv2d(1, 16, kernel_size=(5, 5), stride=(1, 1))
    (1): ReLU()
    (2): MaxPool2d(kernel_size=(4, 4), stride=(4, 4), padding=0, dilation=1, ceil_mode=False)
    (3): Dropout2d(p=0.5, inplace=False)
  )
  (conv2): Sequential(
    (0): Conv2d(16, 32, kernel_size=(5, 5), stride=(1, 1))
    (1): ReLU()
    (2): MaxPool2d(kernel_size=(4, 4), stride=(4, 4), padding=0, dilation=1, ceil_mode=False)
    (3): Dropout2d(p=0.5, inplace=False)
  )
  (fc): Sequential(
    (0): Flatten(start_dim=1, end_dim=-1)
    (1): Linear(in_features=9248, out_features=1156, bias=True)
    (2): ReLU()
    (3): Linear(in_features=1156, out_features=2, bias=True)
  )
)
Train epochs would be: 1
Train start: 2023-07-08 10:41:59.617507
Epoch 0, loss=26.08, accuracy=0.51
Train end: 2023-07-08 10:42:04.760059. Took seconds: 5.142552
Training result: epochs=1, loss=26.08, accuracy=0.51
Saved model: models/model_C2_E1_20230708_104159.pt
Archived model class: models/model_C2_E1_20230708_104159.py
Archived vars: models/model_C2_E1_20230708_104159_vars.py
__________________________________________________________________________________________________
Time: 2023-07-08 10:43:00.030967
Random seed: 101
Device: cuda
Image folder: data/train-300
Total size: 1231
Classes: ['noa', 't4']
Number of classes: 2
Size of 'noa': 554 | 45.00%
Size of 't4': 677 | 55.00%
Train-eval split factor: 0.7
Train datapoints: 861
Eval datapoints: 370
=== Train Split ===
Size of 'noa': 374 | 43.44%
Size of 't4': 487 | 56.56%
=== Eval Split ===
Size of 'noa': 180 | 48.65%
Size of 't4': 190 | 51.35%
Model name: model_C2_E1_20230708_104302
Model: Model(
  (conv1): Sequential(
    (0): Conv2d(1, 16, kernel_size=(5, 5), stride=(1, 1))
    (1): ReLU()
    (2): MaxPool2d(kernel_size=(4, 4), stride=(4, 4), padding=0, dilation=1, ceil_mode=False)
    (3): Dropout2d(p=0.5, inplace=False)
  )
  (conv2): Sequential(
    (0): Conv2d(16, 32, kernel_size=(5, 5), stride=(1, 1))
    (1): ReLU()
    (2): MaxPool2d(kernel_size=(4, 4), stride=(4, 4), padding=0, dilation=1, ceil_mode=False)
    (3): Dropout2d(p=0.5, inplace=False)
  )
  (fc): Sequential(
    (0): Flatten(start_dim=1, end_dim=-1)
    (1): Linear(in_features=9248, out_features=1156, bias=True)
    (2): ReLU()
    (3): Linear(in_features=1156, out_features=2, bias=True)
  )
)
Train epochs would be: 1
Train start: 2023-07-08 10:43:02.474726
Epoch 0, loss=26.08, accuracy=0.51
Train end: 2023-07-08 10:43:07.381375. Took seconds: 4.906649
Training result: epochs=1, loss=26.08, accuracy=0.51
Saved model: models/model_C2_E1_20230708_104302.pt
Archived model class: models/model_C2_E1_20230708_104302.py
Archived vars: models/model_C2_E1_20230708_104302_vars.py
