Time: 2023-07-06 23:49:00.639547
classes: ['noa', 't4']
device: cuda
modelPath: models/model_C2_E50_20230706_233401.pt
predict images: dir=/home/yun/Documents/code/static/sensitive/noa, expected=noa

srcDir: /home/yun/Documents/code/static/sensitive/noa
expectingClassName: noa
accuracy: 0.59 (17 out of 29)
incorrect predictions:
{'file': '/home/yun/Documents/code/static/sensitive/noa/Screenshot_from_2023-06-27_18-33-15.png ', 'prediction': 't4', 'truth': 'noa'}
{'file': '/home/yun/Documents/code/static/sensitive/noa/Screenshot_from_2023-06-26_09-51-01.png ', 'prediction': 't4', 'truth': 'noa'}
{'file': '/home/yun/Documents/code/static/sensitive/noa/Screenshot_from_2023-06-27_18-32-37.png ', 'prediction': 't4', 'truth': 'noa'}
{'file': '/home/yun/Documents/code/static/sensitive/noa/Screenshot_from_2023-06-27_18-35-43.png ', 'prediction': 't4', 'truth': 'noa'}
{'file': '/home/yun/Documents/code/static/sensitive/noa/Screenshot_from_2023-06-27_18-32-48.png ', 'prediction': 't4', 'truth': 'noa'}
{'file': '/home/yun/Documents/code/static/sensitive/noa/Screenshot_from_2023-06-27_18-35-55.png ', 'prediction': 't4', 'truth': 'noa'}
{'file': '/home/yun/Documents/code/static/sensitive/noa/Screenshot_from_2023-06-27_18-32-55.png ', 'prediction': 't4', 'truth': 'noa'}
{'file': '/home/yun/Documents/code/static/sensitive/noa/Screenshot_from_2023-06-27_18-35-39.png ', 'prediction': 't4', 'truth': 'noa'}
{'file': '/home/yun/Documents/code/static/sensitive/noa/Screenshot_from_2023-06-27_18-33-09.png ', 'prediction': 't4', 'truth': 'noa'}
{'file': '/home/yun/Documents/code/static/sensitive/noa/Screenshot_from_2023-06-27_18-32-24.png ', 'prediction': 't4', 'truth': 'noa'}
{'file': '/home/yun/Documents/code/static/sensitive/noa/Screenshot_from_2023-06-27_18-36-00.png ', 'prediction': 't4', 'truth': 'noa'}
{'file': '/home/yun/Documents/code/static/sensitive/noa/Screenshot_from_2023-06-27_18-36-07.png ', 'prediction': 't4', 'truth': 'noa'}
predict images: dir=/home/yun/Documents/code/static/noa-t4-multi/raw/raw_noa, expected=noa

srcDir: /home/yun/Documents/code/static/noa-t4-multi/raw/raw_noa
expectingClassName: noa
accuracy: 0.96 (344 out of 358)
incorrect predictions:
{'file': '/home/yun/Documents/code/static/noa-t4-multi/raw/raw_noa/NOA_20230617_104156_5_r9.png ', 'prediction': 't4', 'truth': 'noa'}
{'file': '/home/yun/Documents/code/static/noa-t4-multi/raw/raw_noa/NOA_20230617_104156_5_r10.png ', 'prediction': 't4', 'truth': 'noa'}
{'file': '/home/yun/Documents/code/static/noa-t4-multi/raw/raw_noa/NOA_20230617_104156_31_r1.png ', 'prediction': 't4', 'truth': 'noa'}
{'file': '/home/yun/Documents/code/static/noa-t4-multi/raw/raw_noa/NOA_20230617_104156_5_r2.png ', 'prediction': 't4', 'truth': 'noa'}
{'file': '/home/yun/Documents/code/static/noa-t4-multi/raw/raw_noa/NOA_20230617_104156_12_r10.png ', 'prediction': 't4', 'truth': 'noa'}
{'file': '/home/yun/Documents/code/static/noa-t4-multi/raw/raw_noa/NOA_20230617_104156_5_r8.png ', 'prediction': 't4', 'truth': 'noa'}
{'file': '/home/yun/Documents/code/static/noa-t4-multi/raw/raw_noa/NOA_20230617_104156_9_r1.png ', 'prediction': 't4', 'truth': 'noa'}
{'file': '/home/yun/Documents/code/static/noa-t4-multi/raw/raw_noa/Image_12.jpeg ', 'prediction': 't4', 'truth': 'noa'}
{'file': '/home/yun/Documents/code/static/noa-t4-multi/raw/raw_noa/NOA_20230617_104156_12_r9.png ', 'prediction': 't4', 'truth': 'noa'}
{'file': '/home/yun/Documents/code/static/noa-t4-multi/raw/raw_noa/NOA_20230617_104156_5_r7.png ', 'prediction': 't4', 'truth': 'noa'}
{'file': '/home/yun/Documents/code/static/noa-t4-multi/raw/raw_noa/NOA_20230617_104156_26_r5.png ', 'prediction': 't4', 'truth': 'noa'}
{'file': '/home/yun/Documents/code/static/noa-t4-multi/raw/raw_noa/NOA_20230617_104156_31_r2.png ', 'prediction': 't4', 'truth': 'noa'}
{'file': '/home/yun/Documents/code/static/noa-t4-multi/raw/raw_noa/NOA_20230617_104156_26_r4.png ', 'prediction': 't4', 'truth': 'noa'}
{'file': '/home/yun/Documents/code/static/noa-t4-multi/raw/raw_noa/NOA_20230617_104156_5_r1.png ', 'prediction': 't4', 'truth': 'noa'}
predict images: dir=/home/yun/Documents/code/static/noa/train/noa_yes, expected=noa

srcDir: /home/yun/Documents/code/static/noa/train/noa_yes
expectingClassName: noa
accuracy: 0.96 (321 out of 334)
incorrect predictions:
{'file': '/home/yun/Documents/code/static/noa/train/noa_yes/NOA_20230617_104156_5_r9.png ', 'prediction': 't4', 'truth': 'noa'}
{'file': '/home/yun/Documents/code/static/noa/train/noa_yes/NOA_20230617_104156_5_r10.png ', 'prediction': 't4', 'truth': 'noa'}
{'file': '/home/yun/Documents/code/static/noa/train/noa_yes/NOA_20230617_104156_31_r1.png ', 'prediction': 't4', 'truth': 'noa'}
{'file': '/home/yun/Documents/code/static/noa/train/noa_yes/NOA_20230617_104156_5_r2.png ', 'prediction': 't4', 'truth': 'noa'}
{'file': '/home/yun/Documents/code/static/noa/train/noa_yes/NOA_20230617_104156_12_r10.png ', 'prediction': 't4', 'truth': 'noa'}
{'file': '/home/yun/Documents/code/static/noa/train/noa_yes/NOA_20230617_104156_5_r8.png ', 'prediction': 't4', 'truth': 'noa'}
{'file': '/home/yun/Documents/code/static/noa/train/noa_yes/NOA_20230617_104156_9_r1.png ', 'prediction': 't4', 'truth': 'noa'}
{'file': '/home/yun/Documents/code/static/noa/train/noa_yes/NOA_20230617_104156_12_r9.png ', 'prediction': 't4', 'truth': 'noa'}
{'file': '/home/yun/Documents/code/static/noa/train/noa_yes/NOA_20230617_104156_5_r7.png ', 'prediction': 't4', 'truth': 'noa'}
{'file': '/home/yun/Documents/code/static/noa/train/noa_yes/NOA_20230617_104156_26_r5.png ', 'prediction': 't4', 'truth': 'noa'}
{'file': '/home/yun/Documents/code/static/noa/train/noa_yes/NOA_20230617_104156_31_r2.png ', 'prediction': 't4', 'truth': 'noa'}
{'file': '/home/yun/Documents/code/static/noa/train/noa_yes/NOA_20230617_104156_26_r4.png ', 'prediction': 't4', 'truth': 'noa'}
{'file': '/home/yun/Documents/code/static/noa/train/noa_yes/NOA_20230617_104156_5_r1.png ', 'prediction': 't4', 'truth': 'noa'}
predict images: dir=/home/yun/Documents/code/static/sensitive/t4, expected=t4

srcDir: /home/yun/Documents/code/static/sensitive/t4
expectingClassName: t4
accuracy: 1.00 (11 out of 11)
predict images: dir=/home/yun/Documents/code/static/t4/train/t4, expected=t4

srcDir: /home/yun/Documents/code/static/t4/train/t4
expectingClassName: t4
accuracy: 1.00 (195 out of 195)
predict images: dir=/home/yun/Documents/code/static/noa-t4-multi/raw/raw_t4, expected=t4

srcDir: /home/yun/Documents/code/static/noa-t4-multi/raw/raw_t4
expectingClassName: t4
accuracy: 0.98 (240 out of 244)
incorrect predictions:
{'file': '/home/yun/Documents/code/static/noa-t4-multi/raw/raw_t4/Image_9.png ', 'prediction': 'noa', 'truth': 't4'}
{'file': '/home/yun/Documents/code/static/noa-t4-multi/raw/raw_t4/Image_16.jpg ', 'prediction': 'noa', 'truth': 't4'}
{'file': '/home/yun/Documents/code/static/noa-t4-multi/raw/raw_t4/Image_6.png ', 'prediction': 'noa', 'truth': 't4'}
{'file': '/home/yun/Documents/code/static/noa-t4-multi/raw/raw_t4/Image_20.png ', 'prediction': 'noa', 'truth': 't4'}
